# Created: Thu Jun 25 22:55:39 EDT 2015
# Confirm the md5 are correct!
#
1c75d0751a44928b6c4bc81fb16d7fe8  sources/hdparm/hdparm-9.45.tar.gz
411f9e8f0046a1dcdaa2dc3798d70398  sources/openjdk/openjdk-8-src-b129-06_feb_2014.zip
35d312a637800a00b14a2cb1e8b964ce  sources/kodi-audioencoder-lame/kodi-audioencoder-lame-3eb59de.tar.xz
62b490407489521db863b523a7f86375  sources/unzip/unzip60.tar.gz
8a7daa171c69913f475dacffcb639fda  sources/libssh/libssh-0.6.4.tar.gz
946c5e3073581a8872b29d332f1e80c5  sources/libressl/libressl-2.1.1.tar.gz
aa3c86e67551adc3ac865160e34a2a0d  sources/pkg-config/pkg-config-0.28.tar.gz
00b516f4704d4a7cb50a1d97e6e8e15b  sources/bzip2/bzip2-1.0.6.tar.gz
6cc5e3c82c2b74dbb8bdcd46162b67f9  sources/rufus/d32e9dcb451b7d3a8d37241be73e5a3ae7837e8f.zip
210ed9499a3d9c96e3a221629b7d39b0  sources/libXrandr/libXrandr-1.4.2.tar.bz2
95c627abcf6494f5abe55effe7cd6a57  sources/curl/curl-7.37.1.tar.bz2
43586e5096606e857fef45c49553e468  sources/apparmor/apparmor-2.8.3.tar.gz
9d96df8417572a2afb781a7c4c811a85  sources/SDL/SDL-1.2.15.tar.gz
98482f65ba1e74a08bf5b056a4031ef0  sources/compositeproto/compositeproto-0.4.2.tar.bz2
f45f04535c4dea261ba2a169148a9927  sources/RTL8192DU/RTL8192DU-085e206.tar.xz
0f92c7454e58379b4a5a378485bbd8ef  sources/libmpeg2/libmpeg2-0.5.1.tar.gz
ad2919764933e075bb0361ad5caa3d19  sources/libfontenc/libfontenc-1.1.2.tar.bz2
3ba3afb1d1b261383d247f46cb135ee8  sources/iana-etc/iana-etc-2.30.tar.bz2
626102f448ba441d42e3212538ad67d2  sources/tiff/tiff-3.9.7.tar.gz
67948acb2ca081f23359d0256e9a271c  sources/readline/readline-6.2.tar.gz
17e1873f962b481a3a6a805226b136fe  sources/kodi-audioencoder-flac/kodi-audioencoder-flac-62c2cc8.tar.xz
1c7135d9a58372f15a28a5437e7e7bb8  sources/libbdplus/libbdplus-0.1.1.tar.bz2
a914ccc1de66ddeb4b611c6b0686e274  sources/renderproto/renderproto-0.11.1.tar.bz2
6b289bf874c4c9a63f4b3973093dd404  sources/alsa-utils/alsa-utils-1.0.29.tar.bz2
8cd41a5ef5a9b50d0fb6abb98af15368  sources/libtirpc/libtirpc-0.2.5.tar.bz2
8c99733cc181fc9900b907ca116f62f1  sources/lockdev/lockdev-16b8996.tar.xz
1001771344608e120e943a396317c33a  sources/setxkbmap/setxkbmap-1.3.0.tar.bz2
a9a5c2c15766c06a024381efe0d724bb  sources/xf86-video-intel/xf86-video-intel-2.99.910.tar.bz2
50f97f4159805e374639a73e2636f22e  sources/autoconf/autoconf-2.69.tar.xz
2dd10448c1166e71a176206a8dfabe6d  sources/libxshmfence/libxshmfence-1.1.tar.bz2
fcec64c26a0f4f4901468f360029678f  sources/lzo/lzo-2.08.tar.gz
1b86314a86087e97e78d90df2a621b7a  sources/libshairplay/libshairplay-6e521c7.tar.xz
4e237099e86b2ed3c574360758a2d666  sources/script.web.viewer/script.web.viewer-0.9.15.zip
9336dc46ae3bf5f81c247f7131461efd  sources/libXinerama/libXinerama-1.1.3.tar.bz2
5565f1b0facf4a59c2778229c1f70d10  sources/glproto/glproto-1.4.17.tar.bz2
15410494c1599b93b15caf46a4068a88  sources/iwlwifi-firmware/iwlwifi-firmware-0.0.1.tar.xz
a68058ab4a81cf9a8dcbaaa7a5df5b11  sources/bkeymaps/bkeymaps-1.13.tar.gz
ba806f521248dd08032d433abc6d5ace  sources/libass/libass-0.12.0.tar.xz
536d048c8e8eeebcd9757d0863ebb0c0  sources/iptables/iptables-1.4.21.tar.bz2
b2721d5d24c04d9980a0c6540cb5396a  sources/dri2proto/dri2proto-2.8.tar.bz2
2ca521fffadd0c28fdf174e6ec73865b  sources/libusb-compat/libusb-compat-0.1.4.tar.bz2
ba526cd8f4403a5d351a9efaa8608fbc  sources/libogg/libogg-1.3.1.tar.gz
41d92ab627dfa06568076043f3e089e4  sources/libXmu/libXmu-1.1.2.tar.bz2
700801380a336a01925ad8409ad98c25  sources/distutilscross/distutilscross-0.1.tar.gz
0a1483530b1fdb9e2a54786489ee0b69  sources/enca/enca-1.16.tar.xz
84835b313d4a8b68f5349816d33e07ce  sources/lame/lame-3.99.5.tar.gz
7d30ed9fa6bb11270ebb31639a37bd54  sources/libtool/libtool-2.4.5.tar.gz
c88eb44b3b903d79fb44b860a213e623  sources/font-misc-misc/font-misc-misc-1.1.2.tar.bz2
6bf2797445dc6d43e9e4707c082eff9c  sources/xcb-proto/xcb-proto-1.11.tar.bz2
6c6a07d68bdfe373acf6dfd7cca43555  sources/kodi-theme-Confluence/kodi-theme-Confluence-14-7cc53a9.tar.xz
e7431ab84d37b2678af71e29355e101d  sources/fixesproto/fixesproto-5.0.tar.bz2
93ba8b1fbe5322d3c3ef47d187f6951e  sources/libva-intel-driver/libva-intel-driver-1.5.1.tar.bz2
a5dd5dd2d212a282cc1d4a84633e0d88  sources/binutils/binutils-2.24.tar.gz
3254566ea66b185920abb7f694df2c2a  sources/dosfstools/dosfstools-3.0.27.tar.xz
1d716d0dac3b664e5ee20c69d34bc10e  sources/xf86driproto/xf86driproto-2.1.1.tar.bz2
3eeb3fb44690b477d510bbd8f86cf5aa  sources/font-xfree86-type1/font-xfree86-type1-1.0.4.tar.bz2
23b7286b5d4a86de950fd2ffc5cac742  sources/libpng/libpng-1.6.16.tar.xz
d92ab59aabf5173f2a59089531e30dbf  sources/squashfs/squashfs4.3.tar.gz
e86e46814b7d0d9857a07e63da2d848b  sources/kodi/kodi-14-7cc53a9.tar.xz
8d6e3b71ff503df54a32b3b7877e0558  sources/libepoxy/libepoxy-b2ae054.tar.xz
51c792ba7b874ad8c43f0d3da4cfabe0  sources/v86d/v86d-0.1.10.tar.bz2
716747339931e4df61019476f776b668  sources/kodi-addon-xvdr/kodi-addon-xvdr-c5eff57.tar.xz
19e6533ae64abba0773816a23f2b9507  sources/libxkbfile/libxkbfile-1.0.8.tar.bz2
441fdb98d2abc6051108b7075d948fc7  sources/xrandr/xrandr-1.4.3.tar.bz2
a0fc1ac3fc4fe479ade09674347c5aa0  sources/xkbcomp/xkbcomp-1.2.4.tar.bz2
8a7cef47fecab6272eb86a6be6363b2f  sources/m4/m4-1.4.16.tar.bz2
c5ba432dd1514d858053ffe9f4737dd8  sources/xtrans/xtrans-1.3.5.tar.bz2
34c67f980105643fc6cd63a14acc626f  sources/links/links-2.8.tar.gz
074e81a0817e460e1fefa738ee9c3cbb  sources/xorg-launch-helper/xorg-launch-helper-4.tar.gz
2d569c75884455c7148d133d341e8fd6  sources/presentproto/presentproto-1.0.tar.bz2
706171d8d520b1ca1576ac73f2ceb4f3  sources/fakeroot/fakeroot_1.18.4.orig.tar.bz2
440df290e213280d6e20d4d4be6f8b4c  sources/xf86-video-nvidia/NVIDIA-Linux-x86_64-340.76-no-compat32.run
c342201de104cc9ce0a21e0ad10d4021  sources/bison/bison-3.0.4.tar.xz
a20c48d8755137631a38f38b7ec28243  sources/libnfs/libnfs-1.9.5.tar.gz
0afcc07ac9f1048f6b100a372d6ef3fc  sources/irserver/irserver-6.03.08.tar.bz2
3bbc8ed83115b8caf7931f35ec3bc5e0  sources/nasm/nasm-2.11.02.tar.bz2
1be49befbdd9a5ce9def2983ba3e7b76  sources/boost/boost_1_57_0.tar.bz2
2a7a314927011d5030903179cf183be0  sources/freetype/freetype-2.5.5.tar.bz2
1e6da4e434553d2811437aa42c7f7c76  sources/gmp/gmp-6.0.0a.tar.xz
298b8fff82df17304dfdb5fe4066fe3a  sources/libXxf86vm/libXxf86vm-1.1.4.tar.bz2
03149823ae57bb02d0cec90d5b97d56c  sources/libXt/libXt-1.1.4.tar.bz2
0cf292de2a9fa2e9a939aefde68fd34f  sources/libXdamage/libXdamage-1.1.4.tar.bz2
5150cb67494c6de27f7c83032064c519  sources/glu/glu-9.0.0.tar.gz
2f6569044737a2ca74a094db956d006f  sources/wlan-firmware/wlan-firmware-0.0.27.tar.xz
2780b6ae21264c888f8f30fb2aab1259  sources/usbutils/usbutils-008.tar.xz
677ea8523eec6caca86121ad2dca0b71  sources/kbproto/kbproto-1.0.6.tar.bz2
84c3bf708d82cd5e001846756aef7acd  sources/libva/libva-1.5.1.tar.gz
f596aeeda7bf03cdf0e78e68e6e7ac9f  sources/obfsproxy/obfsproxy-0.2.13.tar.gz
bc3b0ac291fa998d5109a6f7e94fb2d4  sources/xf86-video-nvidia-legacy/NVIDIA-Linux-x86-304.125.run
b7b37117eecbdfaaf3075acfb063d5a3  sources/Mesa/MesaLib-10.4.0.tar.bz2
addfb1e897ca8079531669c7c7711726  sources/libICE/libICE-1.0.9.tar.bz2
db4c687a31444a929d2fdc36c4dfb95f  sources/cmake/cmake-3.0.2.tar.gz
c3bf11ecfa3b1ceeedc54ec67e7f25b4  sources/libhdhomerun/libhdhomerun_20141210.tgz
e0bf8c11f3b23364d8c10b5e3022a800  sources/atvclient/atvclient-50faf80.tar.xz
04c04e5042acd85cff6c439aba1995f1  sources/gdk-pixbuf/gdk-pixbuf-2.28.2.tar.xz
2e36b73f8a42143142dda8129f02e4e0  sources/libX11/libX11-1.6.3.tar.bz2
0247b6a7b314f8edeb618159fa95f9cb  sources/parted/parted-3.2.tar.xz
38d362869f1da5516f0f927db4d606c3  sources/libvdpau/libvdpau-1.1.tar.gz
7f8ac985c45086b5fbcd12cecd23cf07  sources/keyutils/keyutils-1.5.9.tar.bz2
23756dab809f9ec5011bb27fb2c3c7d6  sources/font-util/font-util-1.3.1.tar.bz2
9959fe0bfb22a0e7260433b8d199590a  sources/xineramaproto/xineramaproto-1.2.1.tar.bz2
0e0f25fb342dcb1196d9c2986a7323cf  sources/ccache/ccache-3.1.8.tar.bz2
2fc7b8803777451c1fad3d5e25f1b99c  sources/pyptlib/pyptlib-0.0.6.tar.gz
4efce9f263e2c3f38d79d9df222476de  sources/pptp/pptp-1.8.0.tar.gz
925bafb97afee8a2fc2d0470c072a155  sources/fribidi/fribidi-0.19.5.tar.bz2
1112bb6c45863468b5496ba128792f6c  sources/cpio/cpio-2.11.tar.gz
4262c3aadf837500756c2051a5c4ae5e  sources/libgcrypt/libgcrypt-1.6.3.tar.bz2
b0b3f2e46b7132d94416771559a7f8f9  sources/kodi-audioencoder-wav/kodi-audioencoder-wav-40aaedf.tar.xz
a09d928c4af54fe5436002345ef71138  sources/libpthread-stubs/libpthread-stubs-0.3.tar.gz
b5b3540661fc70bf329b526c1cfbcf3a  sources/LVM2/LVM2.2.02.105.tgz
6caebead4b779ba031727f66a7ffa358  sources/inputproto/inputproto-2.3.1.tar.bz2
3790286b92d053b9243ecc3e2f5a4dfd  sources/jq/jq-1.4.zip
30aec5dd1d37ada4ad2cafcf0005035c  sources/diskdev_cmds/diskdev_cmds-332.14.tar.gz
33cae22ca50311446400daf8a6255c6a  sources/fuse/fuse-2.9.3.tar.gz
b2a23c032661cb1c1da4514e7af33916  sources/fuse-exfat/fuse-exfat-1.1.0.tar.gz
e68dbff3cc19f66e341572d9fb2ffa89  sources/systemd/systemd-217.tar.xz
e0d80572001a7c9eb1f98e120dbd1346  sources/Libevent/release-2.0.21-stable.zip
03938f17646efbb50aa70ba5f99f51d7  sources/nss-mdns/nss-mdns-0.10.tar.gz
10b81c8030d7c51832abdaa2b7fe31cb  sources/dvbhdhomerun/dvbhdhomerun-20130704.tar.xz
039153dabe61e1ac8d9323b5522b56b0  sources/libjpeg-turbo/libjpeg-turbo-1.4.0.tar.gz
da1583710d625c7d467f6909d9174940  sources/yajl/yajl-2.1.0.tar.xz
d484910b26fec5aff99ee66350589e29  sources/xz/xz-5.2.1.tar.bz2
28f1205d8dd2001f26fec1e8c2cebe37  sources/zlib/zlib-1.2.8.tar.xz
60d4c016491c3c7bef4ea8dff77b594a  sources/hiawatha/hiawatha-9.12.tar.gz
671c3e21597763baeb575e4b0043190d  sources/dvb-firmware/dvb-firmware-0.0.47.tar.xz
55277c40fd4b7183dc3671d39c5c42b7  sources/cups/cups-1.7.1-source.tar.bz2
36934d00b00555eaacde9f091f392f97  sources/fontsproto/fontsproto-2.1.3.tar.bz2
ae9ee104932657ed08ef4679556be07f  sources/glib/glib-2.42.2.tar.xz
78818f40e6d33a1d1de68a1551f6595a  sources/ppp/ppp-2.4.7.tar.gz
86f3f2869c1d34e4c6e52db77992b918  sources/libcdio/libcdio-0.92.tar.gz
d5f62dfa6b6dea31735d56c858361d48  sources/simplejson/simplejson-3.5.3.tar.gz
b232aef26f23fe33ea8305d276637086  sources/lirc/lirc-0.9.0.tar.bz2
f5898b29bbfd70502831a212d9249d10  sources/libffi/libffi-3.1.tar.gz
7b74551e63f8ee6aab6fbc86676c0d37  sources/zip/zip30.tar.gz
f835b8137ab198e0af5deab043e2890a  sources/connman/connman-1.23.tar.xz
5988e7aeb0ae4dac8d83561265984cc9  sources/popt/popt_1.7.orig.tar.gz
f737f474a02d08156c821bd2d4d4b632  sources/scons/scons-2.2.0.tar.gz
948a6e06419a01bd51e97206861595b0  sources/glibc/glibc-2.20.tar.xz
51272e875879ee893e51070b07c33888  sources/sqlite/sqlite-autoconf-3080803.tar.gz
d6f4fef718a50bd88080de6a43bc64d8  sources/kmod/kmod-20.tar.xz
794506184df83ef2290de0d18803dd11  sources/pyserial/pyserial-2.7.tar.gz
9625c094e0a18da77faa4627b98c9815  sources/Twisted/Twisted-14.0.0.tar.bz2
1fdac93f0d0ffc4db47d2bb093d7756d  sources/bcm2835-bootloader/bcm2835-bootloader-ffda51e.tar.xz
68255f51be017a93f2f6402fab06c2bf  sources/e2fsprogs/e2fsprogs-1.42.12.tar.gz
2f22745b8f7368ad5a0a3fddac343f2d  sources/avahi/avahi-0.6.31.tar.gz
1a05fb01fa1d5198894c931cf925c025  sources/bigreqsproto/bigreqsproto-1.1.2.tar.bz2
b985b85f8b9386c85ddcfe1073906b4d  sources/libXfixes/libXfixes-5.0.1.tar.bz2
1f65be5ffc55641c1846c2f41d180d00  sources/libpciaccess/libpciaccess-0.13.3.tar.bz2
3e0069d4f178a399cffe56daa95c2b63  sources/font-cursor-misc/font-cursor-misc-1.0.3.tar.bz2
4cfc0686cf5350dd1305c4d905eb55a6  sources/yasm/yasm-1.2.0.tar.gz
9eee852061da2d1adc4933f35692474f  sources/autoconf-archive/autoconf-archive-2013.11.01.tar.bz2
cab3d7be354000f629bc601238b629b3  sources/util-linux/util-linux-2.25.2.tar.xz
2884544b3300df4b331922b7342b27f6  sources/fluxbox/fluxbox-1.3.5.tar.gz
f2a427a6d6b98a5db8d17e2777173af7  sources/libhid/libhid-0.2.16.tar.gz
58d4d67f587720afde6b49528992a776  sources/arm-mem/arm-mem-2e6f275.tar.xz
337d1a15ab1cb1d4ed423168b1eb7d7e  sources/busybox/busybox-1.22.1.tar.bz2
51b70af0d3d16575d41c910db3a2f099  sources/udevil/udevil-0.4.3.tar.xz
ac63de1784ea0327db876c908af07a94  sources/zope.interface/zope.interface-4.1.0.tar.gz
c10fe284c76d032c42397cfbdfe4c686  sources/plymouth-lite/plymouth-lite-0.6.0.tar.bz2
5452385de8e171423064c0e52e55b07c  sources/lcdproc/lcdproc-0.5.7-cvs20140217.tar.xz
8b04b0f09f2398022dcd4fba75012997  sources/libplist/libplist-1.12.tar.bz2
101b0829eca064fe47708039d66fc135  sources/setuptools/setuptools-2.0.2.tar.gz
9cb3c178f937954e65bf30920af433ef  sources/v4l-utils/v4l-utils-1.6.2.tar.bz2
f7a218dcbf6f0848599c6c36fc65c51a  sources/libXcomposite/libXcomposite-0.4.4.tar.bz2
52df7c4c1f0badd9f82ab124fb32eb97  sources/libXext/libXext-1.3.3.tar.bz2
4df8ee253b7f3863ad0b86359cd39c43  sources/gcc/gcc-4.9.2.tar.bz2
f0037dbe03897dcaf2ad2722e659095d  sources/wpa_supplicant/wpa_supplicant-2.4.tar.gz
80d140f631d862b76dc67ae983151c77  sources/xorg-server/xorg-server-1.16.4.tar.bz2
4c626568ab336b41cf1d739bbf0c67d3  sources/RTL8812AU/RTL8812AU-b22cbdf.tar.xz
a0f9098ebe5400f0bdc9b62e60797ecb  sources/SDL_image/SDL_image-1.2.12.tar.gz
b767bc9af0c20bc9c1fe403b0d41ad97  sources/pcre/pcre-8.36.tar.bz2
2d3d8004f38852aa679e5945b8ce0b14  sources/llvm/llvm-3.5.1.src.tar.xz
62c4c1699170078c469f79ddfed21bc0  sources/Python/Python-2.7.3.tar.xz
84f58dec00b60f2dc8fd1c9709291cc7  sources/attr/attr-2.4.47.src.tar.gz
13e35a7a1cf38b4c9c0fa0f8c9be6b93  sources/libdrm/libdrm-2.4.60.tar.bz2
89fc503a4ab4bed5481a4bf58bc5f66e  sources/RTL8192CU/RTL8192CU-v4.0.2_9000.20130911.tar.xz
0ca23fc84c09cb3d29b9c27811ff4475  sources/dbus/dbus-1.8.12.tar.gz
d43ab9f680435a7fff35b4ace8d45b80  sources/libcap/libcap-2.24.tar.xz
92a253df9211e9c20172796ecf388f13  sources/syslinux/syslinux-6.03.tar.xz
2210935ac10d47887fb35ceb11d67eed  sources/libaacs/libaacs-0.8.1.tar.bz2
cadd7482eaafe9239546bdc09fa244c3  sources/espeak/espeak-1.48.04-source.zip
f9e2bb5879968467e5ca756cb4e1fa7e  sources/libusb/libusb-1.0.19.tar.bz2
b9039479eb2ae57fbe7d71f4ca7cf4a8  sources/i2p.i2p-bote/apache-james-3.0-beta5-20140722-app.zip
9d5dedb288b61f82d371a8b9b7ce2269  sources/i2p.i2p-bote/subethasmtp-3.1.7.zip
636baa5c9bf8aaee21990263b30382ef  sources/i2p.i2p-bote/e030e9ed5f44a6a737e13ed29973893f5cd937ae.zip
27bee952490e23cf87d763c25493f93d  sources/x86-mingw32-build/x86-mingw32-build-1.0-sh.tar.bz2
37743e98052b64ef4e7b2db13ab93cbb  sources/wireless-regdb/wireless-regdb-2015.03.13.tar.xz
a036dc2fcbf052ec10621fd48b68dbb1  sources/xf86dgaproto/xf86dgaproto-2.1.tar.bz2
d3511af1e604a3478900d2c2b4a4a48e  sources/gettext/gettext-0.19.4.tar.gz
102d9652681db11c813610882332ae48  sources/truecrypt/TrueCrypt%207.1a%20Source.tar.gz
509dc27107c21bcd9fbf2f95f5669563  sources/libdaemon/libdaemon-0.14.tar.gz
b09cd2d1a057cc432ce944de3fc06bf7  sources/dbus-python/dbus-python-1.2.0.tar.gz
dd7dab7a5fea97d2a6a43f511449b7cd  sources/expat/expat-2.1.0.tar.gz
70c90f313b4b0851758ef77b95019584  sources/xextproto/xextproto-7.3.0.tar.bz2
5497d2070709cf796f1878c75a72a039  sources/dbus-glib/dbus-glib-0.104.tar.gz
ae86eac2fa99c64343894785775ffa66  sources/RTL8188EU/RTL8188EU-fcc9034.tar.xz
69245426c1fa7cfa73faf5dce7425c4f  sources/ecc-tools/1.3.zip
8acf839bfef2364a05fbd6be5f8edf9a  sources/rpcbind/rpcbind-0.2.2.tar.bz2
e7ed97ab700eab73c23cfcca6617252d  sources/plugin.program.truecrypt/plugin.program.truecrypt-3.1.1.zip
a8a50e5e995bfacb0359575faf7f6906  sources/fontcacheproto/fontcacheproto-0.1.3.tar.bz2
c3fb0b2d710cc82ed0154b91e43085a4  sources/swig/swig-2.0.12.tar.gz
97145da19850a0fd9bb3201d0cf95f65  go-1.4.1.tar.gz
0f2d6546d514c5cc4ecf78a60657a5c1  sources/encodings/encodings-1.0.4.tar.bz2
571d470a7647b455e3af3f92d79f1c18  sources/make/make-4.0.tar.bz2
e793ecefeaecfeabd1aed6a01095174e  sources/xf86vidmodeproto/xf86vidmodeproto-2.3.1.tar.bz2
5f30241db109d647781b784e62ddfaa1  sources/libmodplug/libmodplug-0.8.8.5.tar.gz
e75e303b4f7756c2b16203a57ac87eba  sources/fontconfig/fontconfig-2.11.1.tar.gz
5c781723a0d9ed6188960defba8e91cf  sources/liberation-fonts-ttf/liberation-fonts-ttf-2.00.1.tar.gz
5a873ebd383d1a60612dd6ec6b42c781  sources/libxcb/libxcb-1.11.tar.bz2
fbf1a167b88a5966a2c56a2483af68c6  sources/ethtool/ethtool-3.18.tar.xz
013b10f9de1cda5448b29c81305354a3  sources/libmicrohttpd/libmicrohttpd-0.9.33.tar.gz
03f74d0cd5037cadc8cdfa313bbd195c  sources/libnl/libnl-3.2.25.tar.gz
3c19adf32a8457983b71ff376ef7dafe  sources/pciutils/pciutils-3.3.0.tar.xz
6c6c8bb98ae2febccb287f65f0f815c6  sources/timezone-data/timezone-data-2014i.tar.xz
b9922c9a0378c88d3e901b234f852698  sources/flac/flac-1.3.1.tar.xz
9e6a9aca9d155737868b3dc5fd82f788  sources/libxml2/libxml2-2.9.2.tar.gz
96f76ba94b4c909230bac1e2dcd551c4  sources/libXfont/libXfont-1.5.1.tar.bz2
1cf984125e75f8204938d998a8b6c1e1  sources/util-macros/util-macros-1.19.0.tar.bz2
2bd9a15fcf64d216e63b8d129e4f1f1c  sources/libXrender/libXrender-0.9.8.tar.bz2
d21689ddaeb8f9130222f9437330054c  sources/kodi-pvr-addons/kodi-pvr-addons-4854fbe.tar.xz
499a7773c65aba513609fe651853c5f3  sources/libSM/libSM-1.2.2.tar.bz2
8f0eb41a344d19ac2aa9bd101dfb9ce6  sources/libgpg-error/libgpg-error-1.12.tar.bz2
c6369c4328ed9d28afa6db1a4c94878a  sources/ffmpeg/ffmpeg-2.4.6.tar.gz
28cb28097c07a735d6af56e598e1c90f  sources/libvorbis/libvorbis-1.3.5.tar.xz
8f73a98e32dccc9d054b54727cc4093f  sources/xf86-input-evdev/xf86-input-evdev-2.9.1.tar.bz2
552e93a804cb703c6bcb78e48b9e211a  sources/open-iscsi/open-iscsi-bf39941.tar.xz
e658641595327d3990eab70fdb55ca8b  sources/videoproto/videoproto-2.3.2.tar.bz2
355d4474e3faa81b485d6a604b06951f  sources/libftdi/libftdi-0.20.tar.gz
1a1a581212ee3143845ebf7f9c6e5471  sources/libirman/libirman-0.4.5.tar.gz
5f4847c78e41b801982c8a5e06365b24  sources/xcmiscproto/xcmiscproto-1.2.2.tar.bz2
e3d203d188b8fe60bb6578dd3152e05c  sources/mpfr/mpfr-3.1.2.tar.xz
e5c9c6424ee2303663ae4b99ecd4b493  sources/nano/nano-2.4.0.tar.gz
4b620e0ab7f224ffca1158f303b90a27  sources/neodatis-odb/neodatis-odb-2.1.beta14.209.zip
a43d783228dd32899e6908352b8308f3  sources/pygobject/pygobject-2.28.6.tar.bz2
e1debdea76a2c6f87c7f8a38325f900c  sources/openvpn/openvpn-2.3.5.tar.xz
1b4e5dede5ea51906f1530ca1e21d216  sources/recordproto/recordproto-1.14.2.tar.bz2
9c4a69c34b19ec1e4212e849549544cb  sources/libXi/libXi-1.7.4.tar.bz2
f5cc5ce72d38f2323aca0d0b44daf912  sources/i2p.Seedless/0.1.7-0.1.12.zip
f4d2f2cab53f976cbb22cbae069057bd  sources/libbluray/libbluray-0.6.2.tar.bz2
36c852831d02cf90508c29852361d01b  sources/yaml/yaml-0.1.4.tar.gz
f11d563816249d730a00498983485f3a  sources/ntfs-3g_ntfsprogs/ntfs-3g_ntfsprogs-2014.2.15.tgz
5e0c9895d69d2632e2170114f8283c11  sources/font-bitstream-type1/font-bitstream-type1-1.0.3.tar.bz2
2f09e5e6cb1b9f3611bcac79bc9c2d5d  sources/glew/glew-1.10.0.tgz
56337a652a1f6db6bf7b6ad42630bb0c  sources/script.module.mechanize/script.module.mechanize-0.2.6.zip
4ed9b2f1162eb7706857338d11e70f8e  sources/dialog/dialog-1.2-20140219.tgz
85add18af81f99e50d86dcf98910c9d9  sources/i2p/i2psource_0.9.20.tar.bz2
29654190e37310b87e44a14c229967ee  sources/xf86-video-ati/xf86-video-ati-7.5.0.tar.bz2
59deea2d95d0d44313579662cb715c14  sources/flashrom/flashrom-0.9.6.tar.bz2
cbf273ff3c70639026936f3fba6a8afb  sources/linux/linux-3.17.8.tar.xz
1e8ad8a122e332e429d4c786ece4582e  sources/linux/linux-3.18.10.tar.xz
07e69242f941fda2191d8b027da6c0c7  sources/jasper/jasper-1.900.1.tar.bz2
685f8abbffa6d145c0f930f00703b21b  sources/libXau/libXau-1.0.8.tar.bz2
d6a1d5f8ddea3abd2cc3e98f58352d26  sources/mpc/mpc-1.0.3.tar.gz
77d44c6bb8c0705e0017ab9a84a1502b  sources/flex/flex-2.5.39.tar.bz2
88dad0a270d1fe83a39e0467a66a22bb  sources/pycrypto/pycrypto-2.6.tar.gz
b0a8585edc30e024538ae05869729bfc  sources/cryptsetup/cryptsetup-1.6.4.tar.gz
a3d2cbe60a9ca1bf3aea6c93c817fee3  sources/dri3proto/dri3proto-1.0.tar.bz2
fe6c61d2e9df9ef570e7e80c6e822537  sources/SDL2/SDL2-2.0.3.tar.gz
8a9e8f14743a39cf303803f369c1f344  sources/pixman/pixman-0.32.6.tar.bz2
8cb9c412e5f2d96bc6f459aa8c6282a1  sources/ncurses/ncurses-5.9.tar.gz
de67e0eca72474d6b1121037dafe1024  sources/alsa-lib/alsa-lib-1.0.29.tar.bz2
bbe47d5ff1a54d9f9fc93a160532697f  sources/privoxy/privoxy-3.0.23-stable-src.tar.gz
fc14a54e1ce02a0225be8854bfba478e  sources/Imaging/Imaging-1.1.7.tar.gz
d3097ab1e9c95aa723e6f6199dc6f4f9  sources/kodi-audioencoder-vorbis/kodi-audioencoder-vorbis-dbf5c62.tar.xz
08f72de6751acfbd0892b5f003922701  sources/openssh/openssh-6.8p1.tar.gz
25c6b366ac3dc7a12c5d79816ce96a59  sources/libXtst/libXtst-1.2.2.tar.bz2
a8fc508690e497e88c2c0b373cd653a8  sources/bluez/bluez-5.27.tar.xz
f3c96bd9a99acb19497da252c90281f8  sources/tinyxml/tinyxml-2.6.2_2.tar.gz
2448894f7e683059982bb458be82a5f1  sources/misc-firmware/misc-firmware-0.0.13.tar.xz
7ffe1c7cdc3233e1e0c4b502df253974  sources/sed/sed-4.2.2.tar.bz2
887f869bcc757957067b9198f707f32f  sources/mysql/mysql-5.1.73.tar.gz
54db1be9588b11afbbdd8b82d4ea883a  sources/gnupg/gnupg-1.4.18.tar.bz2
ce600421b8168bd7d9470d6b451594d5  sources/python-gnupg/python-gnupg-0.3.7.tar.gz
26f6cf3423a8d06c43f3b80afc9760b4  sources/eventlircd/eventlircd-42.tar.bz2
74c94a383886519e9e7b3dd1ee540247  sources/PyYAML/PyYAML-3.10.tar.gz
998e5904764b82642cc63d97b4ba9e95  sources/damageproto/damageproto-1.2.1.tar.bz2
0810d332ee417dfede75cb74aaf6f8d6  sources/OpenELEC-settings/OpenELEC-settings-0.5.8.tar.gz
a9a06c608258c5fd247c3725d8f44582  sources/rxvt-unicode/rxvt-unicode-9.21.tar.bz2
997d75c722142be0d03ce4899d349d92  sources/xkeyboard-config/xkeyboard-config-2.10.1.tar.bz2
0299dba694d414423c3c86675cafa93b  sources/libcec/libcec-2.2.0-3.tar.gz
d24937cd4a572a116a642ea90c5014b4  sources/rtmpdump/rtmpdump-a107cef.tar.xz
9a1ddb0e053474d9d1105cfe39b0c48d  sources/automake/automake-1.15.tar.xz
4bde375229a7a7f77c0596ae05556527  sources/tor/tor-0.2.5.10.tar.gz
f11b1e5477df663875cfda659dbe94e9  sources/bcm2835-driver/bcm2835-driver-ffda51e.tar.xz
e1b9847c9a6a1ad340de8d47a863ec52  sources/elfutils/elfutils-0.161.tar.bz2
ca63bbb31cf5b7f37b2237e923ff257a  sources/xf86miscproto/xf86miscproto-0.9.3.tar.bz2
dcb8bd1b756f2843e18b1fdf3aaeee15  sources/taglib/taglib-1.8.tar.gz
5ef3ba321e6df72d6519b728b292073e  sources/miniupnpc/miniupnpc-1.9.tar.gz
4dc2464bfeade23dab5de38da0f6b1b5  sources/xproto/xproto-7.0.26.tar.bz2
9667bf6f9310b957254fdcf6596600b7  sources/libxslt/libxslt-1.1.28.tar.gz
23fbd879118253cb99aeac067da5f591  sources/intltool/intltool-0.50.2.tar.gz
eba88e8897fd296f3bb746bc39da18b3  sources/libevdev/libevdev-1.4.tar.xz
51ff4d45dbe8e1098740d384971805ee  sources/randrproto/randrproto-1.4.1.tar.bz2
